{"total": {"lines":{"total":404,"covered":204,"skipped":0,"pct":50.49},"statements":{"total":408,"covered":207,"skipped":0,"pct":50.73},"functions":{"total":71,"covered":41,"skipped":0,"pct":57.74},"branches":{"total":240,"covered":88,"skipped":0,"pct":36.66},"branchesTrue":{"total":0,"covered":0,"skipped":0,"pct":100}}
,"/Users/justinanderson/Documents/Sites/wolfdanepug/_basementscripts/dynamodb-utils/src/DynamoDb.ts": {"lines":{"total":162,"covered":89,"skipped":0,"pct":54.93},"functions":{"total":8,"covered":7,"skipped":0,"pct":87.5},"statements":{"total":162,"covered":89,"skipped":0,"pct":54.93},"branches":{"total":92,"covered":28,"skipped":0,"pct":30.43}}
,"/Users/justinanderson/Documents/Sites/wolfdanepug/_basementscripts/dynamodb-utils/src/errors.ts": {"lines":{"total":38,"covered":12,"skipped":0,"pct":31.57},"functions":{"total":19,"covered":6,"skipped":0,"pct":31.57},"statements":{"total":38,"covered":12,"skipped":0,"pct":31.57},"branches":{"total":0,"covered":0,"skipped":0,"pct":100}}
,"/Users/justinanderson/Documents/Sites/wolfdanepug/_basementscripts/dynamodb-utils/src/utils.ts": {"lines":{"total":121,"covered":62,"skipped":0,"pct":51.23},"functions":{"total":20,"covered":13,"skipped":0,"pct":65},"statements":{"total":125,"covered":65,"skipped":0,"pct":52},"branches":{"total":78,"covered":29,"skipped":0,"pct":37.17}}
,"/Users/justinanderson/Documents/Sites/wolfdanepug/_basementscripts/dynamodb-utils/src/reserved/control-flow.ts": {"lines":{"total":1,"covered":1,"skipped":0,"pct":100},"functions":{"total":0,"covered":0,"skipped":0,"pct":100},"statements":{"total":1,"covered":1,"skipped":0,"pct":100},"branches":{"total":0,"covered":0,"skipped":0,"pct":100}}
,"/Users/justinanderson/Documents/Sites/wolfdanepug/_basementscripts/dynamodb-utils/src/reserved/data-types.ts": {"lines":{"total":1,"covered":1,"skipped":0,"pct":100},"functions":{"total":0,"covered":0,"skipped":0,"pct":100},"statements":{"total":1,"covered":1,"skipped":0,"pct":100},"branches":{"total":0,"covered":0,"skipped":0,"pct":100}}
,"/Users/justinanderson/Documents/Sites/wolfdanepug/_basementscripts/dynamodb-utils/src/reserved/functions.ts": {"lines":{"total":1,"covered":1,"skipped":0,"pct":100},"functions":{"total":0,"covered":0,"skipped":0,"pct":100},"statements":{"total":1,"covered":1,"skipped":0,"pct":100},"branches":{"total":0,"covered":0,"skipped":0,"pct":100}}
,"/Users/justinanderson/Documents/Sites/wolfdanepug/_basementscripts/dynamodb-utils/src/reserved/index-operations.ts": {"lines":{"total":1,"covered":1,"skipped":0,"pct":100},"functions":{"total":0,"covered":0,"skipped":0,"pct":100},"statements":{"total":1,"covered":1,"skipped":0,"pct":100},"branches":{"total":0,"covered":0,"skipped":0,"pct":100}}
,"/Users/justinanderson/Documents/Sites/wolfdanepug/_basementscripts/dynamodb-utils/src/reserved/index.ts": {"lines":{"total":1,"covered":1,"skipped":0,"pct":100},"functions":{"total":0,"covered":0,"skipped":0,"pct":100},"statements":{"total":1,"covered":1,"skipped":0,"pct":100},"branches":{"total":0,"covered":0,"skipped":0,"pct":100}}
,"/Users/justinanderson/Documents/Sites/wolfdanepug/_basementscripts/dynamodb-utils/src/reserved/security.ts": {"lines":{"total":1,"covered":1,"skipped":0,"pct":100},"functions":{"total":0,"covered":0,"skipped":0,"pct":100},"statements":{"total":1,"covered":1,"skipped":0,"pct":100},"branches":{"total":0,"covered":0,"skipped":0,"pct":100}}
,"/Users/justinanderson/Documents/Sites/wolfdanepug/_basementscripts/dynamodb-utils/src/reserved/sql-keywords.ts": {"lines":{"total":1,"covered":1,"skipped":0,"pct":100},"functions":{"total":0,"covered":0,"skipped":0,"pct":100},"statements":{"total":1,"covered":1,"skipped":0,"pct":100},"branches":{"total":0,"covered":0,"skipped":0,"pct":100}}
,"/Users/justinanderson/Documents/Sites/wolfdanepug/_basementscripts/dynamodb-utils/src/reserved/table-operations.ts": {"lines":{"total":1,"covered":1,"skipped":0,"pct":100},"functions":{"total":0,"covered":0,"skipped":0,"pct":100},"statements":{"total":1,"covered":1,"skipped":0,"pct":100},"branches":{"total":0,"covered":0,"skipped":0,"pct":100}}
,"/Users/justinanderson/Documents/Sites/wolfdanepug/_basementscripts/dynamodb-utils/src/utils/logger.ts": {"lines":{"total":17,"covered":16,"skipped":0,"pct":94.11},"functions":{"total":8,"covered":7,"skipped":0,"pct":87.5},"statements":{"total":17,"covered":16,"skipped":0,"pct":94.11},"branches":{"total":13,"covered":11,"skipped":0,"pct":84.61}}
,"/Users/justinanderson/Documents/Sites/wolfdanepug/_basementscripts/dynamodb-utils/src/utils/validation.ts": {"lines":{"total":58,"covered":17,"skipped":0,"pct":29.31},"functions":{"total":16,"covered":8,"skipped":0,"pct":50},"statements":{"total":58,"covered":17,"skipped":0,"pct":29.31},"branches":{"total":57,"covered":20,"skipped":0,"pct":35.08}}
}
