{"total": {"lines":{"total":81,"covered":76,"skipped":0,"pct":93.82},"statements":{"total":86,"covered":81,"skipped":0,"pct":94.18},"functions":{"total":11,"covered":11,"skipped":0,"pct":100},"branches":{"total":40,"covered":30,"skipped":0,"pct":75},"branchesTrue":{"total":0,"covered":0,"skipped":0,"pct":"Unknown"}}
,"/Users/justinanderson/Documents/Sites/basementscripts/packages/npm/dynamodb-utils/src/utils/index.ts": {"lines":{"total":81,"covered":76,"skipped":0,"pct":93.82},"functions":{"total":11,"covered":11,"skipped":0,"pct":100},"statements":{"total":86,"covered":81,"skipped":0,"pct":94.18},"branches":{"total":40,"covered":30,"skipped":0,"pct":75}}
}
